<?xml version="1.0" encoding="UTF-8"?>
<testsuite name="com.phonebook.tests.LoginTests" tests="1" skipped="0" failures="0" errors="0" timestamp="2025-04-23T10:27:41" hostname="Air-Kristina" time="1.797">
  <properties/>
  <testcase name="loginNegativeWithoutEmailTests" classname="com.phonebook.tests.LoginTests" time="1.797"/>
  <system-out><![CDATA[13:27:41.586 [Test worker] INFO  com.phonebook.tests.TestBase -- Start testloginNegativeWithoutEmailTests[]
13:27:41.588 [Test worker] INFO  com.phonebook.utils.MyListener -- Before find elementsBy.cssSelector: [href='/login']
13:27:41.588 [Test worker] INFO  com.phonebook.utils.MyListener -- ****************************************************
13:27:41.605 [Test worker] INFO  com.phonebook.utils.MyListener -- List size is1
13:27:41.605 [Test worker] INFO  com.phonebook.utils.MyListener -- ****************************************************
13:27:41.606 [Test worker] INFO  com.phonebook.utils.MyListener -- The locator will findBy.cssSelector: [href='/login']
13:27:41.606 [Test worker] INFO  com.phonebook.utils.MyListener -- *******************************************
13:27:41.619 [Test worker] INFO  com.phonebook.utils.MyListener -- The locator foundBy.cssSelector: [href='/login']
13:27:41.619 [Test worker] INFO  com.phonebook.utils.MyListener -- ***************************************************
13:27:41.660 [Test worker] INFO  com.phonebook.utils.MyListener -- The locator will findBy.name: password
13:27:41.661 [Test worker] INFO  com.phonebook.utils.MyListener -- *******************************************
13:27:41.683 [Test worker] INFO  com.phonebook.utils.MyListener -- The locator foundBy.name: password
13:27:41.683 [Test worker] INFO  com.phonebook.utils.MyListener -- ***************************************************
13:27:41.715 [Test worker] INFO  com.phonebook.utils.MyListener -- The locator will findBy.name: password
13:27:41.716 [Test worker] INFO  com.phonebook.utils.MyListener -- *******************************************
13:27:41.726 [Test worker] INFO  com.phonebook.utils.MyListener -- The locator foundBy.name: password
13:27:41.727 [Test worker] INFO  com.phonebook.utils.MyListener -- ***************************************************
13:27:41.742 [Test worker] INFO  com.phonebook.utils.MyListener -- The locator will findBy.name: password
13:27:41.742 [Test worker] INFO  com.phonebook.utils.MyListener -- *******************************************
13:27:41.755 [Test worker] INFO  com.phonebook.utils.MyListener -- The locator foundBy.name: password
13:27:41.755 [Test worker] INFO  com.phonebook.utils.MyListener -- ***************************************************
13:27:41.809 [Test worker] INFO  com.phonebook.utils.MyListener -- The locator will findBy.name: login
13:27:41.809 [Test worker] INFO  com.phonebook.utils.MyListener -- *******************************************
13:27:41.819 [Test worker] INFO  com.phonebook.utils.MyListener -- The locator foundBy.name: login
13:27:41.820 [Test worker] INFO  com.phonebook.utils.MyListener -- ***************************************************
13:27:41.856 [Test worker] INFO  com.phonebook.utils.MyListener -- The test has a problem
13:27:41.856 [Test worker] INFO  com.phonebook.utils.MyListener -- ******************************************
13:27:41.856 [Test worker] INFO  com.phonebook.utils.MyListener -- Method-->alert
13:27:41.856 [Test worker] INFO  com.phonebook.utils.MyListener -- *******************************************
13:27:41.857 [Test worker] INFO  com.phonebook.utils.MyListener -- Target Exception-->org.openqa.selenium.NoAlertPresentException: no such alert
  (Session info: chrome=135.0.7049.96)
Build info: version: '4.26.0', revision: '8ccf0219d7'
System info: os.name: 'Mac OS X', os.arch: 'aarch64', os.version: '14.6.1', java.version: '17.0.12'
Driver info: org.openqa.selenium.chrome.ChromeDriver
Command: [354d3edc5bd744f09ce2412318bd49f6, getAlertText {}]
Capabilities {acceptInsecureCerts: false, browserName: chrome, browserVersion: 135.0.7049.96, chrome: {chromedriverVersion: 135.0.7049.97 (b41307079c9b..., userDataDir: /var/folders/6h/9zmp1p_95r9...}, fedcm:accounts: true, goog:chromeOptions: {debuggerAddress: localhost:52904}, networkConnectionEnabled: false, pageLoadStrategy: normal, platformName: mac, proxy: Proxy(), se:cdp: ws://localhost:52904/devtoo..., se:cdpVersion: 135.0.7049.96, setWindowRect: true, strictFileInteractability: false, timeouts: {implicit: 0, pageLoad: 300000, script: 30000}, unhandledPromptBehavior: dismiss and notify, webauthn:extension:credBlob: true, webauthn:extension:largeBlob: true, webauthn:extension:minPinLength: true, webauthn:extension:prf: true, webauthn:virtualAuthenticators: true}
Session ID: 354d3edc5bd744f09ce2412318bd49f6
13:27:41.857 [Test worker] INFO  com.phonebook.utils.MyListener -- *********************************************
13:27:41.858 [Test worker] INFO  com.phonebook.utils.MyListener -- Object target-->org.openqa.selenium.remote.RemoteWebDriver$RemoteTargetLocator@73d3e555
13:27:41.858 [Test worker] INFO  com.phonebook.utils.MyListener -- ***********************************************
13:27:42.369 [Test worker] INFO  com.phonebook.utils.MyListener -- The test has a problem
13:27:42.369 [Test worker] INFO  com.phonebook.utils.MyListener -- ******************************************
13:27:42.369 [Test worker] INFO  com.phonebook.utils.MyListener -- Method-->alert
13:27:42.369 [Test worker] INFO  com.phonebook.utils.MyListener -- *******************************************
13:27:42.369 [Test worker] INFO  com.phonebook.utils.MyListener -- Target Exception-->org.openqa.selenium.NoAlertPresentException: no such alert
  (Session info: chrome=135.0.7049.96)
Build info: version: '4.26.0', revision: '8ccf0219d7'
System info: os.name: 'Mac OS X', os.arch: 'aarch64', os.version: '14.6.1', java.version: '17.0.12'
Driver info: org.openqa.selenium.chrome.ChromeDriver
Command: [354d3edc5bd744f09ce2412318bd49f6, getAlertText {}]
Capabilities {acceptInsecureCerts: false, browserName: chrome, browserVersion: 135.0.7049.96, chrome: {chromedriverVersion: 135.0.7049.97 (b41307079c9b..., userDataDir: /var/folders/6h/9zmp1p_95r9...}, fedcm:accounts: true, goog:chromeOptions: {debuggerAddress: localhost:52904}, networkConnectionEnabled: false, pageLoadStrategy: normal, platformName: mac, proxy: Proxy(), se:cdp: ws://localhost:52904/devtoo..., se:cdpVersion: 135.0.7049.96, setWindowRect: true, strictFileInteractability: false, timeouts: {implicit: 0, pageLoad: 300000, script: 30000}, unhandledPromptBehavior: dismiss and notify, webauthn:extension:credBlob: true, webauthn:extension:largeBlob: true, webauthn:extension:minPinLength: true, webauthn:extension:prf: true, webauthn:virtualAuthenticators: true}
Session ID: 354d3edc5bd744f09ce2412318bd49f6
13:27:42.369 [Test worker] INFO  com.phonebook.utils.MyListener -- *********************************************
13:27:42.370 [Test worker] INFO  com.phonebook.utils.MyListener -- Object target-->org.openqa.selenium.remote.RemoteWebDriver$RemoteTargetLocator@3a08078c
13:27:42.370 [Test worker] INFO  com.phonebook.utils.MyListener -- ***********************************************
13:27:42.878 [Test worker] INFO  com.phonebook.utils.MyListener -- The test has a problem
13:27:42.878 [Test worker] INFO  com.phonebook.utils.MyListener -- ******************************************
13:27:42.878 [Test worker] INFO  com.phonebook.utils.MyListener -- Method-->alert
13:27:42.878 [Test worker] INFO  com.phonebook.utils.MyListener -- *******************************************
13:27:42.878 [Test worker] INFO  com.phonebook.utils.MyListener -- Target Exception-->org.openqa.selenium.NoAlertPresentException: no such alert
  (Session info: chrome=135.0.7049.96)
Build info: version: '4.26.0', revision: '8ccf0219d7'
System info: os.name: 'Mac OS X', os.arch: 'aarch64', os.version: '14.6.1', java.version: '17.0.12'
Driver info: org.openqa.selenium.chrome.ChromeDriver
Command: [354d3edc5bd744f09ce2412318bd49f6, getAlertText {}]
Capabilities {acceptInsecureCerts: false, browserName: chrome, browserVersion: 135.0.7049.96, chrome: {chromedriverVersion: 135.0.7049.97 (b41307079c9b..., userDataDir: /var/folders/6h/9zmp1p_95r9...}, fedcm:accounts: true, goog:chromeOptions: {debuggerAddress: localhost:52904}, networkConnectionEnabled: false, pageLoadStrategy: normal, platformName: mac, proxy: Proxy(), se:cdp: ws://localhost:52904/devtoo..., se:cdpVersion: 135.0.7049.96, setWindowRect: true, strictFileInteractability: false, timeouts: {implicit: 0, pageLoad: 300000, script: 30000}, unhandledPromptBehavior: dismiss and notify, webauthn:extension:credBlob: true, webauthn:extension:largeBlob: true, webauthn:extension:minPinLength: true, webauthn:extension:prf: true, webauthn:virtualAuthenticators: true}
Session ID: 354d3edc5bd744f09ce2412318bd49f6
13:27:42.878 [Test worker] INFO  com.phonebook.utils.MyListener -- *********************************************
13:27:42.878 [Test worker] INFO  com.phonebook.utils.MyListener -- Object target-->org.openqa.selenium.remote.RemoteWebDriver$RemoteTargetLocator@5f117b3d
13:27:42.878 [Test worker] INFO  com.phonebook.utils.MyListener -- ***********************************************
13:27:43.405 [Test worker] INFO  com.phonebook.tests.TestBase -- PASSED: loginNegativeWithoutEmailTests
13:27:43.405 [Test worker] INFO  com.phonebook.tests.TestBase -- Stop test
13:27:43.405 [Test worker] INFO  com.phonebook.tests.TestBase -- ==================================================================
]]></system-out>
  <system-err><![CDATA[]]></system-err>
</testsuite>
