<!DOCTYPE html>
<html>
<head>
<meta http-equiv="Content-Type" content="text/html; charset=utf-8"/>
<meta http-equiv="x-ua-compatible" content="IE=edge"/>
<title>Test results - Class com.phonebook.tests.LoginTests</title>
<link href="../css/base-style.css" rel="stylesheet" type="text/css"/>
<link href="../css/style.css" rel="stylesheet" type="text/css"/>
<script src="../js/report.js" type="text/javascript"></script>
</head>
<body>
<div id="content">
<h1>Class com.phonebook.tests.LoginTests</h1>
<div class="breadcrumbs">
<a href="../index.html">all</a> &gt; 
<a href="../packages/com.phonebook.tests.html">com.phonebook.tests</a> &gt; LoginTests</div>
<div id="summary">
<table>
<tr>
<td>
<div class="summaryGroup">
<table>
<tr>
<td>
<div class="infoBox" id="tests">
<div class="counter">1</div>
<p>tests</p>
</div>
</td>
<td>
<div class="infoBox" id="failures">
<div class="counter">0</div>
<p>failures</p>
</div>
</td>
<td>
<div class="infoBox" id="ignored">
<div class="counter">0</div>
<p>ignored</p>
</div>
</td>
<td>
<div class="infoBox" id="duration">
<div class="counter">1.797s</div>
<p>duration</p>
</div>
</td>
</tr>
</table>
</div>
</td>
<td>
<div class="infoBox success" id="successRate">
<div class="percent">100%</div>
<p>successful</p>
</div>
</td>
</tr>
</table>
</div>
<div id="tabs">
<ul class="tabLinks">
<li>
<a href="#tab0">Tests</a>
</li>
<li>
<a href="#tab1">Standard output</a>
</li>
</ul>
<div id="tab0" class="tab">
<h2>Tests</h2>
<table>
<thead>
<tr>
<th>Test</th>
<th>Duration</th>
<th>Result</th>
</tr>
</thead>
<tr>
<td class="success">loginNegativeWithoutEmailTests</td>
<td class="success">1.797s</td>
<td class="success">passed</td>
</tr>
</table>
</div>
<div id="tab1" class="tab">
<h2>Standard output</h2>
<span class="code">
<pre>13:27:41.586 [Test worker] INFO  com.phonebook.tests.TestBase -- Start testloginNegativeWithoutEmailTests[]
13:27:41.588 [Test worker] INFO  com.phonebook.utils.MyListener -- Before find elementsBy.cssSelector: [href='/login']
13:27:41.588 [Test worker] INFO  com.phonebook.utils.MyListener -- ****************************************************
13:27:41.605 [Test worker] INFO  com.phonebook.utils.MyListener -- List size is1
13:27:41.605 [Test worker] INFO  com.phonebook.utils.MyListener -- ****************************************************
13:27:41.606 [Test worker] INFO  com.phonebook.utils.MyListener -- The locator will findBy.cssSelector: [href='/login']
13:27:41.606 [Test worker] INFO  com.phonebook.utils.MyListener -- *******************************************
13:27:41.619 [Test worker] INFO  com.phonebook.utils.MyListener -- The locator foundBy.cssSelector: [href='/login']
13:27:41.619 [Test worker] INFO  com.phonebook.utils.MyListener -- ***************************************************
13:27:41.660 [Test worker] INFO  com.phonebook.utils.MyListener -- The locator will findBy.name: password
13:27:41.661 [Test worker] INFO  com.phonebook.utils.MyListener -- *******************************************
13:27:41.683 [Test worker] INFO  com.phonebook.utils.MyListener -- The locator foundBy.name: password
13:27:41.683 [Test worker] INFO  com.phonebook.utils.MyListener -- ***************************************************
13:27:41.715 [Test worker] INFO  com.phonebook.utils.MyListener -- The locator will findBy.name: password
13:27:41.716 [Test worker] INFO  com.phonebook.utils.MyListener -- *******************************************
13:27:41.726 [Test worker] INFO  com.phonebook.utils.MyListener -- The locator foundBy.name: password
13:27:41.727 [Test worker] INFO  com.phonebook.utils.MyListener -- ***************************************************
13:27:41.742 [Test worker] INFO  com.phonebook.utils.MyListener -- The locator will findBy.name: password
13:27:41.742 [Test worker] INFO  com.phonebook.utils.MyListener -- *******************************************
13:27:41.755 [Test worker] INFO  com.phonebook.utils.MyListener -- The locator foundBy.name: password
13:27:41.755 [Test worker] INFO  com.phonebook.utils.MyListener -- ***************************************************
13:27:41.809 [Test worker] INFO  com.phonebook.utils.MyListener -- The locator will findBy.name: login
13:27:41.809 [Test worker] INFO  com.phonebook.utils.MyListener -- *******************************************
13:27:41.819 [Test worker] INFO  com.phonebook.utils.MyListener -- The locator foundBy.name: login
13:27:41.820 [Test worker] INFO  com.phonebook.utils.MyListener -- ***************************************************
13:27:41.856 [Test worker] INFO  com.phonebook.utils.MyListener -- The test has a problem
13:27:41.856 [Test worker] INFO  com.phonebook.utils.MyListener -- ******************************************
13:27:41.856 [Test worker] INFO  com.phonebook.utils.MyListener -- Method--&gt;alert
13:27:41.856 [Test worker] INFO  com.phonebook.utils.MyListener -- *******************************************
13:27:41.857 [Test worker] INFO  com.phonebook.utils.MyListener -- Target Exception--&gt;org.openqa.selenium.NoAlertPresentException: no such alert
  (Session info: chrome=135.0.7049.96)
Build info: version: '4.26.0', revision: '8ccf0219d7'
System info: os.name: 'Mac OS X', os.arch: 'aarch64', os.version: '14.6.1', java.version: '17.0.12'
Driver info: org.openqa.selenium.chrome.ChromeDriver
Command: [354d3edc5bd744f09ce2412318bd49f6, getAlertText {}]
Capabilities {acceptInsecureCerts: false, browserName: chrome, browserVersion: 135.0.7049.96, chrome: {chromedriverVersion: 135.0.7049.97 (b41307079c9b..., userDataDir: /var/folders/6h/9zmp1p_95r9...}, fedcm:accounts: true, goog:chromeOptions: {debuggerAddress: localhost:52904}, networkConnectionEnabled: false, pageLoadStrategy: normal, platformName: mac, proxy: Proxy(), se:cdp: ws://localhost:52904/devtoo..., se:cdpVersion: 135.0.7049.96, setWindowRect: true, strictFileInteractability: false, timeouts: {implicit: 0, pageLoad: 300000, script: 30000}, unhandledPromptBehavior: dismiss and notify, webauthn:extension:credBlob: true, webauthn:extension:largeBlob: true, webauthn:extension:minPinLength: true, webauthn:extension:prf: true, webauthn:virtualAuthenticators: true}
Session ID: 354d3edc5bd744f09ce2412318bd49f6
13:27:41.857 [Test worker] INFO  com.phonebook.utils.MyListener -- *********************************************
13:27:41.858 [Test worker] INFO  com.phonebook.utils.MyListener -- Object target--&gt;org.openqa.selenium.remote.RemoteWebDriver$RemoteTargetLocator@73d3e555
13:27:41.858 [Test worker] INFO  com.phonebook.utils.MyListener -- ***********************************************
13:27:42.369 [Test worker] INFO  com.phonebook.utils.MyListener -- The test has a problem
13:27:42.369 [Test worker] INFO  com.phonebook.utils.MyListener -- ******************************************
13:27:42.369 [Test worker] INFO  com.phonebook.utils.MyListener -- Method--&gt;alert
13:27:42.369 [Test worker] INFO  com.phonebook.utils.MyListener -- *******************************************
13:27:42.369 [Test worker] INFO  com.phonebook.utils.MyListener -- Target Exception--&gt;org.openqa.selenium.NoAlertPresentException: no such alert
  (Session info: chrome=135.0.7049.96)
Build info: version: '4.26.0', revision: '8ccf0219d7'
System info: os.name: 'Mac OS X', os.arch: 'aarch64', os.version: '14.6.1', java.version: '17.0.12'
Driver info: org.openqa.selenium.chrome.ChromeDriver
Command: [354d3edc5bd744f09ce2412318bd49f6, getAlertText {}]
Capabilities {acceptInsecureCerts: false, browserName: chrome, browserVersion: 135.0.7049.96, chrome: {chromedriverVersion: 135.0.7049.97 (b41307079c9b..., userDataDir: /var/folders/6h/9zmp1p_95r9...}, fedcm:accounts: true, goog:chromeOptions: {debuggerAddress: localhost:52904}, networkConnectionEnabled: false, pageLoadStrategy: normal, platformName: mac, proxy: Proxy(), se:cdp: ws://localhost:52904/devtoo..., se:cdpVersion: 135.0.7049.96, setWindowRect: true, strictFileInteractability: false, timeouts: {implicit: 0, pageLoad: 300000, script: 30000}, unhandledPromptBehavior: dismiss and notify, webauthn:extension:credBlob: true, webauthn:extension:largeBlob: true, webauthn:extension:minPinLength: true, webauthn:extension:prf: true, webauthn:virtualAuthenticators: true}
Session ID: 354d3edc5bd744f09ce2412318bd49f6
13:27:42.369 [Test worker] INFO  com.phonebook.utils.MyListener -- *********************************************
13:27:42.370 [Test worker] INFO  com.phonebook.utils.MyListener -- Object target--&gt;org.openqa.selenium.remote.RemoteWebDriver$RemoteTargetLocator@3a08078c
13:27:42.370 [Test worker] INFO  com.phonebook.utils.MyListener -- ***********************************************
13:27:42.878 [Test worker] INFO  com.phonebook.utils.MyListener -- The test has a problem
13:27:42.878 [Test worker] INFO  com.phonebook.utils.MyListener -- ******************************************
13:27:42.878 [Test worker] INFO  com.phonebook.utils.MyListener -- Method--&gt;alert
13:27:42.878 [Test worker] INFO  com.phonebook.utils.MyListener -- *******************************************
13:27:42.878 [Test worker] INFO  com.phonebook.utils.MyListener -- Target Exception--&gt;org.openqa.selenium.NoAlertPresentException: no such alert
  (Session info: chrome=135.0.7049.96)
Build info: version: '4.26.0', revision: '8ccf0219d7'
System info: os.name: 'Mac OS X', os.arch: 'aarch64', os.version: '14.6.1', java.version: '17.0.12'
Driver info: org.openqa.selenium.chrome.ChromeDriver
Command: [354d3edc5bd744f09ce2412318bd49f6, getAlertText {}]
Capabilities {acceptInsecureCerts: false, browserName: chrome, browserVersion: 135.0.7049.96, chrome: {chromedriverVersion: 135.0.7049.97 (b41307079c9b..., userDataDir: /var/folders/6h/9zmp1p_95r9...}, fedcm:accounts: true, goog:chromeOptions: {debuggerAddress: localhost:52904}, networkConnectionEnabled: false, pageLoadStrategy: normal, platformName: mac, proxy: Proxy(), se:cdp: ws://localhost:52904/devtoo..., se:cdpVersion: 135.0.7049.96, setWindowRect: true, strictFileInteractability: false, timeouts: {implicit: 0, pageLoad: 300000, script: 30000}, unhandledPromptBehavior: dismiss and notify, webauthn:extension:credBlob: true, webauthn:extension:largeBlob: true, webauthn:extension:minPinLength: true, webauthn:extension:prf: true, webauthn:virtualAuthenticators: true}
Session ID: 354d3edc5bd744f09ce2412318bd49f6
13:27:42.878 [Test worker] INFO  com.phonebook.utils.MyListener -- *********************************************
13:27:42.878 [Test worker] INFO  com.phonebook.utils.MyListener -- Object target--&gt;org.openqa.selenium.remote.RemoteWebDriver$RemoteTargetLocator@5f117b3d
13:27:42.878 [Test worker] INFO  com.phonebook.utils.MyListener -- ***********************************************
13:27:43.405 [Test worker] INFO  com.phonebook.tests.TestBase -- PASSED: loginNegativeWithoutEmailTests
13:27:43.405 [Test worker] INFO  com.phonebook.tests.TestBase -- Stop test
13:27:43.405 [Test worker] INFO  com.phonebook.tests.TestBase -- ==================================================================
</pre>
</span>
</div>
</div>
<div id="footer">
<p>
<div>
<label class="hidden" id="label-for-line-wrapping-toggle" for="line-wrapping-toggle">Wrap lines
<input id="line-wrapping-toggle" type="checkbox" autocomplete="off"/>
</label>
</div>Generated by 
<a href="http://www.gradle.org">Gradle 8.11</a> at Apr 23, 2025, 1:27:44 PM</p>
</div>
</div>
</body>
</html>
